# JRE version: OpenJDK Runtime Environment Corretto-16.0.2.7.1 (16.0.2+7) (build 16.0.2+7)
# Java VM: OpenJDK 64-Bit Server VM Corretto-16.0.2.7.1 (16.0.2+7, mixed mode, sharing, tiered, compressed oops, compressed class ptrs, g1 gc, windows-amd64)
GC Precious Log:
 CPUs: 12 total, 12 available
 Memory: 16185M
 Large Page Support: Disabled
 NUMA Support: Disabled
 Compressed Oops: Enabled (Zero based)
 Heap Region Size: 2M
 Heap Min Capacity: 8M
 Heap Initial Capacity: 254M
 Heap Max Capacity: 4048M
 Pre-touch: Disabled
 Parallel Workers: 10
 Concurrent Workers: 3
 Concurrent Refinement Workers: 10
 Periodic GC: Disabled
Heap:
 garbage-first heap   total 260096K, used 116736K [0x0000000703000000, 0x0000000800000000)
  region size 2048K, 5 young (10240K), 1 survivors (2048K)
 Metaspace       used 8454K, committed 8640K, reserved 1064960K
  class space    used 612K, committed 704K, reserved 1048576K
GC Heap History (14 events):
Event: 1.004 GC heap before
{Heap before GC invocations=0 (full 0):
 garbage-first heap   total 260096K, used 20480K [0x0000000703000000, 0x0000000800000000)
  region size 2048K, 11 young (22528K), 0 survivors (0K)
 Metaspace       used 6998K, committed 7168K, reserved 1064960K
  class space    used 515K, committed 640K, reserved 1048576K
}
Event: 1.009 GC heap after
{Heap after GC invocations=1 (full 0):
 garbage-first heap   total 260096K, used 2721K [0x0000000703000000, 0x0000000800000000)
  region size 2048K, 2 young (4096K), 2 survivors (4096K)
 Metaspace       used 6998K, committed 7168K, reserved 1064960K
  class space    used 515K, committed 640K, reserved 1048576K
}
Event: 10.706 GC heap before
{Heap before GC invocations=1 (full 0):
 garbage-first heap   total 260096K, used 33441K [0x0000000703000000, 0x0000000800000000)
  region size 2048K, 18 young (36864K), 2 survivors (4096K)
 Metaspace       used 7623K, committed 7808K, reserved 1064960K
  class space    used 539K, committed 640K, reserved 1048576K
}
Event: 10.709 GC heap after
{Heap after GC invocations=2 (full 0):
 garbage-first heap   total 260096K, used 3905K [0x0000000703000000, 0x0000000800000000)
  region size 2048K, 2 young (4096K), 2 survivors (4096K)
 Metaspace       used 7623K, committed 7808K, reserved 1064960K
  class space    used 539K, committed 640K, reserved 1048576K
}
Event: 13.908 GC heap before
{Heap before GC invocations=2 (full 0):
 garbage-first heap   total 260096K, used 132929K [0x0000000703000000, 0x0000000800000000)
  region size 2048K, 41 young (83968K), 2 survivors (4096K)
 Metaspace       used 7980K, committed 8192K, reserved 1064960K
  class space    used 568K, committed 640K, reserved 1048576K
}
Event: 14.021 GC heap after
{Heap after GC invocations=3 (full 0):
 garbage-first heap   total 260096K, used 96282K [0x0000000703000000, 0x0000000800000000)
  region size 2048K, 6 young (12288K), 6 survivors (12288K)
 Metaspace       used 7980K, committed 8192K, reserved 1064960K
  class space    used 568K, committed 640K, reserved 1048576K
}
Event: 14.032 GC heap before
{Heap before GC invocations=3 (full 0):
 garbage-first heap   total 260096K, used 96282K [0x0000000703000000, 0x0000000800000000)
  region size 2048K, 7 young (14336K), 6 survivors (12288K)
 Metaspace       used 7980K, committed 8192K, reserved 1064960K
  class space    used 568K, committed 640K, reserved 1048576K
}
Event: 14.051 GC heap after
{Heap after GC invocations=4 (full 0):
 garbage-first heap   total 260096K, used 101376K [0x0000000703000000, 0x0000000800000000)
  region size 2048K, 1 young (2048K), 1 survivors (2048K)
 Metaspace       used 7980K, committed 8192K, reserved 1064960K
  class space    used 568K, committed 640K, reserved 1048576K
}
Event: 14.059 GC heap before
{Heap before GC invocations=4 (full 0):
 garbage-first heap   total 260096K, used 111616K [0x0000000703000000, 0x0000000800000000)
  region size 2048K, 6 young (12288K), 1 survivors (2048K)
 Metaspace       used 7980K, committed 8192K, reserved 1064960K
  class space    used 568K, committed 640K, reserved 1048576K
}
Event: 14.067 GC heap after
{Heap after GC invocations=5 (full 0):
 garbage-first heap   total 260096K, used 113253K [0x0000000703000000, 0x0000000800000000)
  region size 2048K, 1 young (2048K), 1 survivors (2048K)
 Metaspace       used 7980K, committed 8192K, reserved 1064960K
  class space    used 568K, committed 640K, reserved 1048576K
}
Event: 14.073 GC heap before
{Heap before GC invocations=5 (full 0):
 garbage-first heap   total 260096K, used 123493K [0x0000000703000000, 0x0000000800000000)
  region size 2048K, 5 young (10240K), 1 survivors (2048K)
 Metaspace       used 7980K, committed 8192K, reserved 1064960K
  class space    used 568K, committed 640K, reserved 1048576K
}
Event: 14.083 GC heap after
{Heap after GC invocations=6 (full 0):
 garbage-first heap   total 260096K, used 124928K [0x0000000703000000, 0x0000000800000000)
  region size 2048K, 1 young (2048K), 1 survivors (2048K)
 Metaspace       used 7980K, committed 8192K, reserved 1064960K
  class space    used 568K, committed 640K, reserved 1048576K
}
Event: 14.786 GC heap before
{Heap before GC invocations=7 (full 0):
 garbage-first heap   total 260096K, used 118784K [0x0000000703000000, 0x0000000800000000)
  region size 2048K, 6 young (12288K), 1 survivors (2048K)
 Metaspace       used 8431K, committed 8640K, reserved 1064960K
  class space    used 611K, committed 704K, reserved 1048576K
}
Event: 14.791 GC heap after
{Heap after GC invocations=8 (full 0):
 garbage-first heap   total 260096K, used 112640K [0x0000000703000000, 0x0000000800000000)
  region size 2048K, 1 young (2048K), 1 survivors (2048K)
 Metaspace       used 8431K, committed 8640K, reserved 1064960K
  class space    used 611K, committed 704K, reserved 1048576K
}

