# JRE version: OpenJDK Runtime Environment Corretto-16.0.2.7.1 (16.0.2+7) (build 16.0.2+7)
# Java VM: OpenJDK 64-Bit Server VM Corretto-16.0.2.7.1 (16.0.2+7, mixed mode, sharing, tiered, compressed oops, compressed class ptrs, g1 gc, windows-amd64)
GC Precious Log:
 CPUs: 12 total, 12 available
 Memory: 16185M
 Large Page Support: Disabled
 NUMA Support: Disabled
 Compressed Oops: Enabled (Zero based)
 Heap Region Size: 2M
 Heap Min Capacity: 8M
 Heap Initial Capacity: 254M
 Heap Max Capacity: 4048M
 Pre-touch: Disabled
 Parallel Workers: 10
 Concurrent Workers: 3
 Concurrent Refinement Workers: 10
 Periodic GC: Disabled
Heap:
 garbage-first heap   total 327680K, used 181520K [0x0000000703000000, 0x0000000800000000)
  region size 2048K, 8 young (16384K), 2 survivors (4096K)
 Metaspace       used 8465K, committed 8640K, reserved 1064960K
  class space    used 611K, committed 704K, reserved 1048576K
GC Heap History (20 events):
Event: 8.337 GC heap before
{Heap before GC invocations=1 (full 0):
 garbage-first heap   total 260096K, used 33481K [0x0000000703000000, 0x0000000800000000)
  region size 2048K, 18 young (36864K), 2 survivors (4096K)
 Metaspace       used 7595K, committed 7808K, reserved 1064960K
  class space    used 538K, committed 640K, reserved 1048576K
}
Event: 8.340 GC heap after
{Heap after GC invocations=2 (full 0):
 garbage-first heap   total 260096K, used 3713K [0x0000000703000000, 0x0000000800000000)
  region size 2048K, 2 young (4096K), 2 survivors (4096K)
 Metaspace       used 7595K, committed 7808K, reserved 1064960K
  class space    used 538K, committed 640K, reserved 1048576K
}
Event: 10.144 GC heap before
{Heap before GC invocations=2 (full 0):
 garbage-first heap   total 260096K, used 124545K [0x0000000703000000, 0x0000000800000000)
  region size 2048K, 37 young (75776K), 2 survivors (4096K)
 Metaspace       used 7906K, committed 8064K, reserved 1064960K
  class space    used 567K, committed 640K, reserved 1048576K
}
Event: 10.217 GC heap after
{Heap after GC invocations=3 (full 0):
 garbage-first heap   total 260096K, used 94552K [0x0000000703000000, 0x0000000800000000)
  region size 2048K, 5 young (10240K), 5 survivors (10240K)
 Metaspace       used 7906K, committed 8064K, reserved 1064960K
  class space    used 567K, committed 640K, reserved 1048576K
}
Event: 10.227 GC heap before
{Heap before GC invocations=3 (full 0):
 garbage-first heap   total 260096K, used 96600K [0x0000000703000000, 0x0000000800000000)
  region size 2048K, 6 young (12288K), 5 survivors (10240K)
 Metaspace       used 7906K, committed 8064K, reserved 1064960K
  class space    used 567K, committed 640K, reserved 1048576K
}
Event: 10.247 GC heap after
{Heap after GC invocations=4 (full 0):
 garbage-first heap   total 260096K, used 99328K [0x0000000703000000, 0x0000000800000000)
  region size 2048K, 1 young (2048K), 1 survivors (2048K)
 Metaspace       used 7906K, committed 8064K, reserved 1064960K
  class space    used 567K, committed 640K, reserved 1048576K
}
Event: 10.254 GC heap before
{Heap before GC invocations=4 (full 0):
 garbage-first heap   total 260096K, used 107520K [0x0000000703000000, 0x0000000800000000)
  region size 2048K, 6 young (12288K), 1 survivors (2048K)
 Metaspace       used 7906K, committed 8064K, reserved 1064960K
  class space    used 567K, committed 640K, reserved 1048576K
}
Event: 10.261 GC heap after
{Heap after GC invocations=5 (full 0):
 garbage-first heap   total 260096K, used 109110K [0x0000000703000000, 0x0000000800000000)
  region size 2048K, 1 young (2048K), 1 survivors (2048K)
 Metaspace       used 7906K, committed 8064K, reserved 1064960K
  class space    used 567K, committed 640K, reserved 1048576K
}
Event: 10.304 GC heap before
{Heap before GC invocations=5 (full 0):
 garbage-first heap   total 260096K, used 127542K [0x0000000703000000, 0x0000000800000000)
  region size 2048K, 6 young (12288K), 1 survivors (2048K)
 Metaspace       used 7909K, committed 8064K, reserved 1064960K
  class space    used 567K, committed 640K, reserved 1048576K
}
Event: 10.316 GC heap after
{Heap after GC invocations=6 (full 0):
 garbage-first heap   total 260096K, used 127674K [0x0000000703000000, 0x0000000800000000)
  region size 2048K, 1 young (2048K), 1 survivors (2048K)
 Metaspace       used 7909K, committed 8064K, reserved 1064960K
  class space    used 567K, committed 640K, reserved 1048576K
}
Event: 11.176 GC heap before
{Heap before GC invocations=6 (full 0):
 garbage-first heap   total 260096K, used 135866K [0x0000000703000000, 0x0000000800000000)
  region size 2048K, 6 young (12288K), 1 survivors (2048K)
 Metaspace       used 8389K, committed 8576K, reserved 1064960K
  class space    used 609K, committed 704K, reserved 1048576K
}
Event: 11.183 GC heap after
{Heap after GC invocations=7 (full 0):
 garbage-first heap   total 780288K, used 128343K [0x0000000703000000, 0x0000000800000000)
  region size 2048K, 1 young (2048K), 1 survivors (2048K)
 Metaspace       used 8389K, committed 8576K, reserved 1064960K
  class space    used 609K, committed 704K, reserved 1048576K
}
Event: 13.757 GC heap before
{Heap before GC invocations=8 (full 0):
 garbage-first heap   total 327680K, used 159063K [0x0000000703000000, 0x0000000800000000)
  region size 2048K, 20 young (40960K), 1 survivors (2048K)
 Metaspace       used 8448K, committed 8640K, reserved 1064960K
  class space    used 611K, committed 704K, reserved 1048576K
}
Event: 13.786 GC heap after
{Heap after GC invocations=9 (full 0):
 garbage-first heap   total 327680K, used 137433K [0x0000000703000000, 0x0000000800000000)
  region size 2048K, 3 young (6144K), 3 survivors (6144K)
 Metaspace       used 8448K, committed 8640K, reserved 1064960K
  class space    used 611K, committed 704K, reserved 1048576K
}
Event: 13.815 GC heap before
{Heap before GC invocations=9 (full 0):
 garbage-first heap   total 327680K, used 159961K [0x0000000703000000, 0x0000000800000000)
  region size 2048K, 8 young (16384K), 3 survivors (6144K)
 Metaspace       used 8448K, committed 8640K, reserved 1064960K
  class space    used 611K, committed 704K, reserved 1048576K
}
Event: 13.840 GC heap after
{Heap after GC invocations=10 (full 0):
 garbage-first heap   total 327680K, used 134270K [0x0000000703000000, 0x0000000800000000)
  region size 2048K, 1 young (2048K), 1 survivors (2048K)
 Metaspace       used 8448K, committed 8640K, reserved 1064960K
  class space    used 611K, committed 704K, reserved 1048576K
}
Event: 13.869 GC heap before
{Heap before GC invocations=10 (full 0):
 garbage-first heap   total 327680K, used 181374K [0x0000000703000000, 0x0000000800000000)
  region size 2048K, 18 young (36864K), 1 survivors (2048K)
 Metaspace       used 8448K, committed 8640K, reserved 1064960K
  class space    used 611K, committed 704K, reserved 1048576K
}
Event: 13.892 GC heap after
{Heap after GC invocations=11 (full 0):
 garbage-first heap   total 327680K, used 177547K [0x0000000703000000, 0x0000000800000000)
  region size 2048K, 3 young (6144K), 3 survivors (6144K)
 Metaspace       used 8448K, committed 8640K, reserved 1064960K
  class space    used 611K, committed 704K, reserved 1048576K
}
Event: 13.894 GC heap before
{Heap before GC invocations=11 (full 0):
 garbage-first heap   total 327680K, used 179595K [0x0000000703000000, 0x0000000800000000)
  region size 2048K, 5 young (10240K), 3 survivors (6144K)
 Metaspace       used 8448K, committed 8640K, reserved 1064960K
  class space    used 611K, committed 704K, reserved 1048576K
}
Event: 13.901 GC heap after
{Heap after GC invocations=12 (full 0):
 garbage-first heap   total 327680K, used 183568K [0x0000000703000000, 0x0000000800000000)
  region size 2048K, 2 young (4096K), 2 survivors (4096K)
 Metaspace       used 8448K, committed 8640K, reserved 1064960K
  class space    used 611K, committed 704K, reserved 1048576K
}

