# JRE version: OpenJDK Runtime Environment Corretto-16.0.2.7.1 (16.0.2+7) (build 16.0.2+7)
# Java VM: OpenJDK 64-Bit Server VM Corretto-16.0.2.7.1 (16.0.2+7, mixed mode, sharing, tiered, compressed oops, compressed class ptrs, g1 gc, windows-amd64)
GC Precious Log:
 CPUs: 12 total, 12 available
 Memory: 16185M
 Large Page Support: Disabled
 NUMA Support: Disabled
 Compressed Oops: Enabled (Zero based)
 Heap Region Size: 2M
 Heap Min Capacity: 8M
 Heap Initial Capacity: 254M
 Heap Max Capacity: 4048M
 Pre-touch: Disabled
 Parallel Workers: 10
 Concurrent Workers: 3
 Concurrent Refinement Workers: 10
 Periodic GC: Disabled
Heap:
 garbage-first heap   total 780288K, used 134969K [0x0000000703000000, 0x0000000800000000)
  region size 2048K, 7 young (14336K), 3 survivors (6144K)
 Metaspace       used 8486K, committed 8640K, reserved 1064960K
  class space    used 610K, committed 704K, reserved 1048576K
GC Heap History (14 events):
Event: 1.041 GC heap before
{Heap before GC invocations=0 (full 0):
 garbage-first heap   total 260096K, used 22528K [0x0000000703000000, 0x0000000800000000)
  region size 2048K, 11 young (22528K), 0 survivors (0K)
 Metaspace       used 7000K, committed 7168K, reserved 1064960K
  class space    used 515K, committed 640K, reserved 1048576K
}
Event: 1.046 GC heap after
{Heap after GC invocations=1 (full 0):
 garbage-first heap   total 260096K, used 2751K [0x0000000703000000, 0x0000000800000000)
  region size 2048K, 2 young (4096K), 2 survivors (4096K)
 Metaspace       used 7000K, committed 7168K, reserved 1064960K
  class space    used 515K, committed 640K, reserved 1048576K
}
Event: 6.906 GC heap before
{Heap before GC invocations=1 (full 0):
 garbage-first heap   total 260096K, used 35519K [0x0000000703000000, 0x0000000800000000)
  region size 2048K, 18 young (36864K), 2 survivors (4096K)
 Metaspace       used 7583K, committed 7808K, reserved 1064960K
  class space    used 538K, committed 640K, reserved 1048576K
}
Event: 6.910 GC heap after
{Heap after GC invocations=2 (full 0):
 garbage-first heap   total 260096K, used 3816K [0x0000000703000000, 0x0000000800000000)
  region size 2048K, 2 young (4096K), 2 survivors (4096K)
 Metaspace       used 7583K, committed 7808K, reserved 1064960K
  class space    used 538K, committed 640K, reserved 1048576K
}
Event: 9.614 GC heap before
{Heap before GC invocations=2 (full 0):
 garbage-first heap   total 260096K, used 112360K [0x0000000703000000, 0x0000000800000000)
  region size 2048K, 35 young (71680K), 2 survivors (4096K)
 Metaspace       used 7929K, committed 8064K, reserved 1064960K
  class space    used 567K, committed 640K, reserved 1048576K
}
Event: 9.671 GC heap after
{Heap after GC invocations=3 (full 0):
 garbage-first heap   total 260096K, used 75472K [0x0000000703000000, 0x0000000800000000)
  region size 2048K, 5 young (10240K), 5 survivors (10240K)
 Metaspace       used 7929K, committed 8064K, reserved 1064960K
  class space    used 567K, committed 640K, reserved 1048576K
}
Event: 9.673 GC heap before
{Heap before GC invocations=3 (full 0):
 garbage-first heap   total 260096K, used 77520K [0x0000000703000000, 0x0000000800000000)
  region size 2048K, 6 young (12288K), 5 survivors (10240K)
 Metaspace       used 7929K, committed 8064K, reserved 1064960K
  class space    used 567K, committed 640K, reserved 1048576K
}
Event: 9.690 GC heap after
{Heap after GC invocations=4 (full 0):
 garbage-first heap   total 260096K, used 79756K [0x0000000703000000, 0x0000000800000000)
  region size 2048K, 1 young (2048K), 1 survivors (2048K)
 Metaspace       used 7929K, committed 8064K, reserved 1064960K
  class space    used 567K, committed 640K, reserved 1048576K
}
Event: 9.741 GC heap before
{Heap before GC invocations=4 (full 0):
 garbage-first heap   total 260096K, used 98188K [0x0000000703000000, 0x0000000800000000)
  region size 2048K, 6 young (12288K), 1 survivors (2048K)
 Metaspace       used 7947K, committed 8128K, reserved 1064960K
  class space    used 567K, committed 640K, reserved 1048576K
}
Event: 9.755 GC heap after
{Heap after GC invocations=5 (full 0):
 garbage-first heap   total 260096K, used 96256K [0x0000000703000000, 0x0000000800000000)
  region size 2048K, 1 young (2048K), 1 survivors (2048K)
 Metaspace       used 7947K, committed 8128K, reserved 1064960K
  class space    used 567K, committed 640K, reserved 1048576K
}
Event: 9.762 GC heap before
{Heap before GC invocations=5 (full 0):
 garbage-first heap   total 260096K, used 106496K [0x0000000703000000, 0x0000000800000000)
  region size 2048K, 6 young (12288K), 1 survivors (2048K)
 Metaspace       used 7947K, committed 8128K, reserved 1064960K
  class space    used 567K, committed 640K, reserved 1048576K
}
Event: 9.769 GC heap after
{Heap after GC invocations=6 (full 0):
 garbage-first heap   total 260096K, used 108228K [0x0000000703000000, 0x0000000800000000)
  region size 2048K, 1 young (2048K), 1 survivors (2048K)
 Metaspace       used 7947K, committed 8128K, reserved 1064960K
  class space    used 567K, committed 640K, reserved 1048576K
}
Event: 11.804 GC heap before
{Heap before GC invocations=6 (full 0):
 garbage-first heap   total 260096K, used 151236K [0x0000000703000000, 0x0000000800000000)
  region size 2048K, 18 young (36864K), 1 survivors (2048K)
 Metaspace       used 8458K, committed 8640K, reserved 1064960K
  class space    used 609K, committed 704K, reserved 1048576K
}
Event: 11.825 GC heap after
{Heap after GC invocations=7 (full 0):
 garbage-first heap   total 780288K, used 128825K [0x0000000703000000, 0x0000000800000000)
  region size 2048K, 3 young (6144K), 3 survivors (6144K)
 Metaspace       used 8458K, committed 8640K, reserved 1064960K
  class space    used 609K, committed 704K, reserved 1048576K
}

