# JRE version: OpenJDK Runtime Environment Corretto-16.0.2.7.1 (16.0.2+7) (build 16.0.2+7)
# Java VM: OpenJDK 64-Bit Server VM Corretto-16.0.2.7.1 (16.0.2+7, mixed mode, sharing, tiered, compressed oops, compressed class ptrs, g1 gc, windows-amd64)
GC Precious Log:
 CPUs: 12 total, 12 available
 Memory: 16185M
 Large Page Support: Disabled
 NUMA Support: Disabled
 Compressed Oops: Enabled (Zero based)
 Heap Region Size: 2M
 Heap Min Capacity: 8M
 Heap Initial Capacity: 254M
 Heap Max Capacity: 4048M
 Pre-touch: Disabled
 Parallel Workers: 10
 Concurrent Workers: 3
 Concurrent Refinement Workers: 10
 Periodic GC: Disabled
Heap:
 garbage-first heap   total 260096K, used 131948K [0x0000000703000000, 0x0000000800000000)
  region size 2048K, 5 young (10240K), 1 survivors (2048K)
 Metaspace       used 8382K, committed 8576K, reserved 1064960K
  class space    used 610K, committed 704K, reserved 1048576K
GC Heap History (8 events):
Event: 1.076 GC heap before
{Heap before GC invocations=0 (full 0):
 garbage-first heap   total 260096K, used 22528K [0x0000000703000000, 0x0000000800000000)
  region size 2048K, 11 young (22528K), 0 survivors (0K)
 Metaspace       used 6996K, committed 7168K, reserved 1064960K
  class space    used 515K, committed 640K, reserved 1048576K
}
Event: 1.079 GC heap after
{Heap after GC invocations=1 (full 0):
 garbage-first heap   total 260096K, used 2756K [0x0000000703000000, 0x0000000800000000)
  region size 2048K, 2 young (4096K), 2 survivors (4096K)
 Metaspace       used 6996K, committed 7168K, reserved 1064960K
  class space    used 515K, committed 640K, reserved 1048576K
}
Event: 7.481 GC heap before
{Heap before GC invocations=1 (full 0):
 garbage-first heap   total 260096K, used 47812K [0x0000000703000000, 0x0000000800000000)
  region size 2048K, 18 young (36864K), 2 survivors (4096K)
 Metaspace       used 7805K, committed 8000K, reserved 1064960K
  class space    used 564K, committed 640K, reserved 1048576K
}
Event: 7.485 GC heap after
{Heap after GC invocations=2 (full 0):
 garbage-first heap   total 260096K, used 8768K [0x0000000703000000, 0x0000000800000000)
  region size 2048K, 3 young (6144K), 3 survivors (6144K)
 Metaspace       used 7805K, committed 8000K, reserved 1064960K
  class space    used 564K, committed 640K, reserved 1048576K
}
Event: 7.910 GC heap before
{Heap before GC invocations=2 (full 0):
 garbage-first heap   total 260096K, used 141888K [0x0000000703000000, 0x0000000800000000)
  region size 2048K, 46 young (94208K), 3 survivors (6144K)
 Metaspace       used 8319K, committed 8512K, reserved 1064960K
  class space    used 609K, committed 704K, reserved 1048576K
}
Event: 7.990 GC heap after
{Heap after GC invocations=3 (full 0):
 garbage-first heap   total 260096K, used 121308K [0x0000000703000000, 0x0000000800000000)
  region size 2048K, 6 young (12288K), 6 survivors (12288K)
 Metaspace       used 8319K, committed 8512K, reserved 1064960K
  class space    used 609K, committed 704K, reserved 1048576K
}
Event: 8.206 GC heap before
{Heap before GC invocations=3 (full 0):
 garbage-first heap   total 260096K, used 123356K [0x0000000703000000, 0x0000000800000000)
  region size 2048K, 7 young (14336K), 6 survivors (12288K)
 Metaspace       used 8331K, committed 8512K, reserved 1064960K
  class space    used 609K, committed 704K, reserved 1048576K
}
Event: 8.223 GC heap after
{Heap after GC invocations=4 (full 0):
 garbage-first heap   total 260096K, used 125804K [0x0000000703000000, 0x0000000800000000)
  region size 2048K, 1 young (2048K), 1 survivors (2048K)
 Metaspace       used 8331K, committed 8512K, reserved 1064960K
  class space    used 609K, committed 704K, reserved 1048576K
}

