# JRE version: OpenJDK Runtime Environment Corretto-16.0.2.7.1 (16.0.2+7) (build 16.0.2+7)
# Java VM: OpenJDK 64-Bit Server VM Corretto-16.0.2.7.1 (16.0.2+7, mixed mode, sharing, tiered, compressed oops, compressed class ptrs, g1 gc, windows-amd64)
GC Precious Log:
 CPUs: 12 total, 12 available
 Memory: 16185M
 Large Page Support: Disabled
 NUMA Support: Disabled
 Compressed Oops: Enabled (Zero based)
 Heap Region Size: 2M
 Heap Min Capacity: 8M
 Heap Initial Capacity: 254M
 Heap Max Capacity: 4048M
 Pre-touch: Disabled
 Parallel Workers: 10
 Concurrent Workers: 3
 Concurrent Refinement Workers: 10
 Periodic GC: Disabled
Heap:
 garbage-first heap   total 780288K, used 132516K [0x0000000703000000, 0x0000000800000000)
  region size 2048K, 6 young (12288K), 3 survivors (6144K)
 Metaspace       used 8500K, committed 8704K, reserved 1064960K
  class space    used 611K, committed 704K, reserved 1048576K
GC Heap History (16 events):
Event: 1.095 GC heap before
{Heap before GC invocations=0 (full 0):
 garbage-first heap   total 260096K, used 22528K [0x0000000703000000, 0x0000000800000000)
  region size 2048K, 11 young (22528K), 0 survivors (0K)
 Metaspace       used 7010K, committed 7232K, reserved 1064960K
  class space    used 515K, committed 640K, reserved 1048576K
}
Event: 1.099 GC heap after
{Heap after GC invocations=1 (full 0):
 garbage-first heap   total 260096K, used 2759K [0x0000000703000000, 0x0000000800000000)
  region size 2048K, 2 young (4096K), 2 survivors (4096K)
 Metaspace       used 7010K, committed 7232K, reserved 1064960K
  class space    used 515K, committed 640K, reserved 1048576K
}
Event: 5.369 GC heap before
{Heap before GC invocations=1 (full 0):
 garbage-first heap   total 260096K, used 33479K [0x0000000703000000, 0x0000000800000000)
  region size 2048K, 18 young (36864K), 2 survivors (4096K)
 Metaspace       used 7548K, committed 7744K, reserved 1064960K
  class space    used 538K, committed 640K, reserved 1048576K
}
Event: 5.371 GC heap after
{Heap after GC invocations=2 (full 0):
 garbage-first heap   total 260096K, used 3760K [0x0000000703000000, 0x0000000800000000)
  region size 2048K, 2 young (4096K), 2 survivors (4096K)
 Metaspace       used 7548K, committed 7744K, reserved 1064960K
  class space    used 538K, committed 640K, reserved 1048576K
}
Event: 8.080 GC heap before
{Heap before GC invocations=2 (full 0):
 garbage-first heap   total 260096K, used 63152K [0x0000000703000000, 0x0000000800000000)
  region size 2048K, 19 young (38912K), 2 survivors (4096K)
 Metaspace       used 7892K, committed 8000K, reserved 1064960K
  class space    used 565K, committed 640K, reserved 1048576K
}
Event: 8.104 GC heap after
{Heap after GC invocations=3 (full 0):
 garbage-first heap   total 260096K, used 37594K [0x0000000703000000, 0x0000000800000000)
  region size 2048K, 3 young (6144K), 3 survivors (6144K)
 Metaspace       used 7892K, committed 8000K, reserved 1064960K
  class space    used 565K, committed 640K, reserved 1048576K
}
Event: 8.115 GC heap before
{Heap before GC invocations=3 (full 0):
 garbage-first heap   total 260096K, used 43738K [0x0000000703000000, 0x0000000800000000)
  region size 2048K, 6 young (12288K), 3 survivors (6144K)
 Metaspace       used 7892K, committed 8000K, reserved 1064960K
  class space    used 565K, committed 640K, reserved 1048576K
}
Event: 8.125 GC heap after
{Heap after GC invocations=4 (full 0):
 garbage-first heap   total 260096K, used 44859K [0x0000000703000000, 0x0000000800000000)
  region size 2048K, 1 young (2048K), 1 survivors (2048K)
 Metaspace       used 7892K, committed 8000K, reserved 1064960K
  class space    used 565K, committed 640K, reserved 1048576K
}
Event: 8.152 GC heap before
{Heap before GC invocations=4 (full 0):
 garbage-first heap   total 260096K, used 67387K [0x0000000703000000, 0x0000000800000000)
  region size 2048K, 6 young (12288K), 1 survivors (2048K)
 Metaspace       used 7892K, committed 8000K, reserved 1064960K
  class space    used 565K, committed 640K, reserved 1048576K
}
Event: 8.162 GC heap after
{Heap after GC invocations=5 (full 0):
 garbage-first heap   total 260096K, used 64207K [0x0000000703000000, 0x0000000800000000)
  region size 2048K, 1 young (2048K), 1 survivors (2048K)
 Metaspace       used 7892K, committed 8000K, reserved 1064960K
  class space    used 565K, committed 640K, reserved 1048576K
}
Event: 8.178 GC heap before
{Heap before GC invocations=5 (full 0):
 garbage-first heap   total 260096K, used 76495K [0x0000000703000000, 0x0000000800000000)
  region size 2048K, 6 young (12288K), 1 survivors (2048K)
 Metaspace       used 7911K, committed 8064K, reserved 1064960K
  class space    used 567K, committed 640K, reserved 1048576K
}
Event: 8.185 GC heap after
{Heap after GC invocations=6 (full 0):
 garbage-first heap   total 260096K, used 76466K [0x0000000703000000, 0x0000000800000000)
  region size 2048K, 1 young (2048K), 1 survivors (2048K)
 Metaspace       used 7911K, committed 8064K, reserved 1064960K
  class space    used 567K, committed 640K, reserved 1048576K
}
Event: 8.273 GC heap before
{Heap before GC invocations=6 (full 0):
 garbage-first heap   total 260096K, used 119474K [0x0000000703000000, 0x0000000800000000)
  region size 2048K, 17 young (34816K), 1 survivors (2048K)
 Metaspace       used 7929K, committed 8128K, reserved 1064960K
  class space    used 567K, committed 640K, reserved 1048576K
}
Event: 8.291 GC heap after
{Heap after GC invocations=7 (full 0):
 garbage-first heap   total 260096K, used 115927K [0x0000000703000000, 0x0000000800000000)
  region size 2048K, 3 young (6144K), 3 survivors (6144K)
 Metaspace       used 7929K, committed 8128K, reserved 1064960K
  class space    used 567K, committed 640K, reserved 1048576K
}
Event: 10.538 GC heap before
{Heap before GC invocations=7 (full 0):
 garbage-first heap   total 260096K, used 156887K [0x0000000703000000, 0x0000000800000000)
  region size 2048K, 20 young (40960K), 3 survivors (6144K)
 Metaspace       used 8469K, committed 8640K, reserved 1064960K
  class space    used 610K, committed 704K, reserved 1048576K
}
Event: 10.554 GC heap after
{Heap after GC invocations=8 (full 0):
 garbage-first heap   total 780288K, used 128420K [0x0000000703000000, 0x0000000800000000)
  region size 2048K, 3 young (6144K), 3 survivors (6144K)
 Metaspace       used 8469K, committed 8640K, reserved 1064960K
  class space    used 610K, committed 704K, reserved 1048576K
}

