# JRE version: OpenJDK Runtime Environment Corretto-16.0.2.7.1 (16.0.2+7) (build 16.0.2+7)
# Java VM: OpenJDK 64-Bit Server VM Corretto-16.0.2.7.1 (16.0.2+7, mixed mode, sharing, tiered, compressed oops, compressed class ptrs, g1 gc, windows-amd64)
GC Precious Log:
 CPUs: 12 total, 12 available
 Memory: 16185M
 Large Page Support: Disabled
 NUMA Support: Disabled
 Compressed Oops: Enabled (Zero based)
 Heap Region Size: 2M
 Heap Min Capacity: 8M
 Heap Initial Capacity: 254M
 Heap Max Capacity: 4048M
 Pre-touch: Disabled
 Parallel Workers: 10
 Concurrent Workers: 3
 Concurrent Refinement Workers: 10
 Periodic GC: Disabled
Heap:
 garbage-first heap   total 780288K, used 160387K [0x0000000703000000, 0x0000000800000000)
  region size 2048K, 20 young (40960K), 2 survivors (4096K)
 Metaspace       used 8489K, committed 8640K, reserved 1064960K
  class space    used 612K, committed 704K, reserved 1048576K
GC Heap History (14 events):
Event: 1.080 GC heap before
{Heap before GC invocations=0 (full 0):
 garbage-first heap   total 260096K, used 22528K [0x0000000703000000, 0x0000000800000000)
  region size 2048K, 11 young (22528K), 0 survivors (0K)
 Metaspace       used 6992K, committed 7168K, reserved 1064960K
  class space    used 515K, committed 640K, reserved 1048576K
}
Event: 1.085 GC heap after
{Heap after GC invocations=1 (full 0):
 garbage-first heap   total 260096K, used 2759K [0x0000000703000000, 0x0000000800000000)
  region size 2048K, 2 young (4096K), 2 survivors (4096K)
 Metaspace       used 6992K, committed 7168K, reserved 1064960K
  class space    used 515K, committed 640K, reserved 1048576K
}
Event: 5.645 GC heap before
{Heap before GC invocations=1 (full 0):
 garbage-first heap   total 260096K, used 33479K [0x0000000703000000, 0x0000000800000000)
  region size 2048K, 18 young (36864K), 2 survivors (4096K)
 Metaspace       used 7563K, committed 7744K, reserved 1064960K
  class space    used 538K, committed 640K, reserved 1048576K
}
Event: 5.648 GC heap after
{Heap after GC invocations=2 (full 0):
 garbage-first heap   total 260096K, used 3816K [0x0000000703000000, 0x0000000800000000)
  region size 2048K, 2 young (4096K), 2 survivors (4096K)
 Metaspace       used 7563K, committed 7744K, reserved 1064960K
  class space    used 538K, committed 640K, reserved 1048576K
}
Event: 9.631 GC heap before
{Heap before GC invocations=2 (full 0):
 garbage-first heap   total 260096K, used 126696K [0x0000000703000000, 0x0000000800000000)
  region size 2048K, 42 young (86016K), 2 survivors (4096K)
 Metaspace       used 7931K, committed 8064K, reserved 1064960K
  class space    used 567K, committed 640K, reserved 1048576K
}
Event: 9.682 GC heap after
{Heap after GC invocations=3 (full 0):
 garbage-first heap   total 260096K, used 78725K [0x0000000703000000, 0x0000000800000000)
  region size 2048K, 6 young (12288K), 6 survivors (12288K)
 Metaspace       used 7931K, committed 8064K, reserved 1064960K
  class space    used 567K, committed 640K, reserved 1048576K
}
Event: 9.686 GC heap before
{Heap before GC invocations=3 (full 0):
 garbage-first heap   total 260096K, used 82821K [0x0000000703000000, 0x0000000800000000)
  region size 2048K, 7 young (14336K), 6 survivors (12288K)
 Metaspace       used 7932K, committed 8064K, reserved 1064960K
  class space    used 567K, committed 640K, reserved 1048576K
}
Event: 9.700 GC heap after
{Heap after GC invocations=4 (full 0):
 garbage-first heap   total 260096K, used 86005K [0x0000000703000000, 0x0000000800000000)
  region size 2048K, 1 young (2048K), 1 survivors (2048K)
 Metaspace       used 7932K, committed 8064K, reserved 1064960K
  class space    used 567K, committed 640K, reserved 1048576K
}
Event: 9.739 GC heap before
{Heap before GC invocations=4 (full 0):
 garbage-first heap   total 260096K, used 104437K [0x0000000703000000, 0x0000000800000000)
  region size 2048K, 6 young (12288K), 1 survivors (2048K)
 Metaspace       used 7950K, committed 8064K, reserved 1064960K
  class space    used 567K, committed 640K, reserved 1048576K
}
Event: 9.749 GC heap after
{Heap after GC invocations=5 (full 0):
 garbage-first heap   total 260096K, used 102947K [0x0000000703000000, 0x0000000800000000)
  region size 2048K, 1 young (2048K), 1 survivors (2048K)
 Metaspace       used 7950K, committed 8064K, reserved 1064960K
  class space    used 567K, committed 640K, reserved 1048576K
}
Event: 9.755 GC heap before
{Heap before GC invocations=5 (full 0):
 garbage-first heap   total 260096K, used 111139K [0x0000000703000000, 0x0000000800000000)
  region size 2048K, 6 young (12288K), 1 survivors (2048K)
 Metaspace       used 7950K, committed 8064K, reserved 1064960K
  class space    used 567K, committed 640K, reserved 1048576K
}
Event: 9.762 GC heap after
{Heap after GC invocations=6 (full 0):
 garbage-first heap   total 260096K, used 112640K [0x0000000703000000, 0x0000000800000000)
  region size 2048K, 1 young (2048K), 1 survivors (2048K)
 Metaspace       used 7950K, committed 8064K, reserved 1064960K
  class space    used 567K, committed 640K, reserved 1048576K
}
Event: 9.770 GC heap before
{Heap before GC invocations=6 (full 0):
 garbage-first heap   total 260096K, used 124928K [0x0000000703000000, 0x0000000800000000)
  region size 2048K, 5 young (10240K), 1 survivors (2048K)
 Metaspace       used 7950K, committed 8064K, reserved 1064960K
  class space    used 567K, committed 640K, reserved 1048576K
}
Event: 9.780 GC heap after
{Heap after GC invocations=7 (full 0):
 garbage-first heap   total 780288K, used 125571K [0x0000000703000000, 0x0000000800000000)
  region size 2048K, 2 young (4096K), 2 survivors (4096K)
 Metaspace       used 7950K, committed 8064K, reserved 1064960K
  class space    used 567K, committed 640K, reserved 1048576K
}

